<?xml version="1.0" encoding="UTF-8"?>
<!-- Generated by org.testng.reporters.JUnitXMLReporter -->
<testsuite ignored="0" hostname="DivyaRaja" failures="1" tests="1" name="Test" time="18.087" errors="0" timestamp="2025-01-31T13:11:10 EST">
  <testcase classname="testCases.Tc005_Checkout" name="checkout" time="11.134">
    <failure type="java.lang.AssertionError" message="null">
      <![CDATA[java.lang.AssertionError: null
at testCases.Tc005_Checkout.checkout(Tc005_Checkout.java:49)
at java.base/java.util.ArrayList.forEach(ArrayList.java:1596)
... Removed 31 stack frames]]>
    </failure>
  </testcase> <!-- checkout -->
</testsuite> <!-- Test -->
