<?xml version="1.0" encoding="UTF-8"?>
<testng-results ignored="0" total="1" passed="1" failed="0" skipped="0">
  <reporter-output>
  </reporter-output>
  <suite started-at="2025-01-29T11:54:33 EST" name="Suite" finished-at="2025-01-29T11:55:06 EST" duration-ms="33123">
    <groups>
    </groups>
    <test started-at="2025-01-29T11:54:33 EST" name="Test" finished-at="2025-01-29T11:55:06 EST" duration-ms="33123">
      <class name="testCases.Tc005_Checkout">
        <test-method is-config="true" signature="setup(java.lang.String,java.lang.String)[pri:0, instance:testCases.Tc005_Checkout@5ddf0d24]" started-at="2025-01-29T11:54:33 EST" name="setup" finished-at="2025-01-29T11:54:39 EST" duration-ms="6210" status="PASS">
          <params>
            <param index="0">
              <value>
                <![CDATA[windows]]>
              </value>
            </param>
            <param index="1">
              <value>
                <![CDATA[chrome]]>
              </value>
            </param>
          </params>
          <reporter-output>
          </reporter-output>
        </test-method> <!-- setup -->
        <test-method signature="checkout()[pri:0, instance:testCases.Tc005_Checkout@5ddf0d24]" started-at="2025-01-29T11:54:39 EST" name="checkout" finished-at="2025-01-29T11:55:06 EST" duration-ms="26396" status="PASS">
          <reporter-output>
          </reporter-output>
        </test-method> <!-- checkout -->
        <test-method is-config="true" signature="tearDown()[pri:0, instance:testCases.Tc005_Checkout@5ddf0d24]" started-at="2025-01-29T11:55:06 EST" name="tearDown" finished-at="2025-01-29T11:55:06 EST" duration-ms="240" status="PASS">
          <reporter-output>
          </reporter-output>
        </test-method> <!-- tearDown -->
      </class> <!-- testCases.Tc005_Checkout -->
    </test> <!-- Test -->
  </suite> <!-- Suite -->
</testng-results>
